# JRE version: Java(TM) SE Runtime Environment (8.0_141-b15) (build 1.8.0_141-b15)
# Java VM: Java HotSpot(TM) 64-Bit Server VM (25.141-b15 mixed mode bsd-amd64 compressed oops)
Heap:
 PSYoungGen      total 76288K, used 52557K [0x000000076ab00000, 0x0000000770f00000, 0x00000007c0000000)
  eden space 65536K, 63% used [0x000000076ab00000,0x000000076d3db660,0x000000076eb00000)
  from space 10752K, 99% used [0x000000076f580000,0x000000076fff8010,0x0000000770000000)
  to   space 10752K, 0% used [0x000000076eb00000,0x000000076eb00000,0x000000076f580000)
 ParOldGen       total 121856K, used 18577K [0x00000006c0000000, 0x00000006c7700000, 0x000000076ab00000)
  object space 121856K, 15% used [0x00000006c0000000,0x00000006c1224550,0x00000006c7700000)
 Metaspace       used 32577K, capacity 34822K, committed 35072K, reserved 1079296K
  class space    used 4435K, capacity 4860K, committed 4864K, reserved 1048576K
GC Heap History (6 events):
Event: 1.613 GC heap before
{Heap before GC invocations=1 (full 0):
 PSYoungGen      total 76288K, used 52566K [0x000000076ab00000, 0x0000000770000000, 0x00000007c0000000)
  eden space 65536K, 80% used [0x000000076ab00000,0x000000076de558b8,0x000000076eb00000)
  from space 10752K, 0% used [0x000000076f580000,0x000000076f580000,0x0000000770000000)
  to   space 10752K, 0% used [0x000000076eb00000,0x000000076eb00000,0x000000076f580000)
 ParOldGen       total 175104K, used 0K [0x00000006c0000000, 0x00000006cab00000, 0x000000076ab00000)
  object space 175104K, 0% used [0x00000006c0000000,0x00000006c0000000,0x00000006cab00000)
 Metaspace       used 20118K, capacity 21204K, committed 21248K, reserved 1067008K
  class space    used 2827K, capacity 3052K, committed 3072K, reserved 1048576K
Event: 1.625 GC heap after
Heap after GC invocations=1 (full 0):
 PSYoungGen      total 76288K, used 8649K [0x000000076ab00000, 0x0000000770000000, 0x00000007c0000000)
  eden space 65536K, 0% used [0x000000076ab00000,0x000000076ab00000,0x000000076eb00000)
  from space 10752K, 80% used [0x000000076eb00000,0x000000076f3724e0,0x000000076f580000)
  to   space 10752K, 0% used [0x000000076f580000,0x000000076f580000,0x0000000770000000)
 ParOldGen       total 175104K, used 88K [0x00000006c0000000, 0x00000006cab00000, 0x000000076ab00000)
  object space 175104K, 0% used [0x00000006c0000000,0x00000006c0016010,0x00000006cab00000)
 Metaspace       used 20118K, capacity 21204K, committed 21248K, reserved 1067008K
  class space    used 2827K, capacity 3052K, committed 3072K, reserved 1048576K
}
Event: 1.625 GC heap before
{Heap before GC invocations=2 (full 1):
 PSYoungGen      total 76288K, used 8649K [0x000000076ab00000, 0x0000000770000000, 0x00000007c0000000)
  eden space 65536K, 0% used [0x000000076ab00000,0x000000076ab00000,0x000000076eb00000)
  from space 10752K, 80% used [0x000000076eb00000,0x000000076f3724e0,0x000000076f580000)
  to   space 10752K, 0% used [0x000000076f580000,0x000000076f580000,0x0000000770000000)
 ParOldGen       total 175104K, used 88K [0x00000006c0000000, 0x00000006cab00000, 0x000000076ab00000)
  object space 175104K, 0% used [0x00000006c0000000,0x00000006c0016010,0x00000006cab00000)
 Metaspace       used 20118K, capacity 21204K, committed 21248K, reserved 1067008K
  class space    used 2827K, capacity 3052K, committed 3072K, reserved 1048576K
Event: 1.653 GC heap after
Heap after GC invocations=2 (full 1):
 PSYoungGen      total 76288K, used 0K [0x000000076ab00000, 0x0000000770000000, 0x00000007c0000000)
  eden space 65536K, 0% used [0x000000076ab00000,0x000000076ab00000,0x000000076eb00000)
  from space 10752K, 0% used [0x000000076eb00000,0x000000076eb00000,0x000000076f580000)
  to   space 10752K, 0% used [0x000000076f580000,0x000000076f580000,0x0000000770000000)
 ParOldGen       total 121856K, used 8514K [0x00000006c0000000, 0x00000006c7700000, 0x000000076ab00000)
  object space 121856K, 6% used [0x00000006c0000000,0x00000006c0850b68,0x00000006c7700000)
 Metaspace       used 20118K, capacity 21204K, committed 21248K, reserved 1067008K
  class space    used 2827K, capacity 3052K, committed 3072K, reserved 1048576K
}
Event: 5.917 GC heap before
{Heap before GC invocations=3 (full 1):
 PSYoungGen      total 76288K, used 65536K [0x000000076ab00000, 0x0000000770000000, 0x00000007c0000000)
  eden space 65536K, 100% used [0x000000076ab00000,0x000000076eb00000,0x000000076eb00000)
  from space 10752K, 0% used [0x000000076eb00000,0x000000076eb00000,0x000000076f580000)
  to   space 10752K, 0% used [0x000000076f580000,0x000000076f580000,0x0000000770000000)
 ParOldGen       total 121856K, used 8514K [0x00000006c0000000, 0x00000006c7700000, 0x000000076ab00000)
  object space 121856K, 6% used [0x00000006c0000000,0x00000006c0850b68,0x00000006c7700000)
 Metaspace       used 26212K, capacity 28314K, committed 28544K, reserved 1073152K
  class space    used 3723K, capacity 4116K, committed 4224K, reserved 1048576K
Event: 5.933 GC heap after
Heap after GC invocations=3 (full 1):
 PSYoungGen      total 76288K, used 10720K [0x000000076ab00000, 0x0000000770f00000, 0x00000007c0000000)
  eden space 65536K, 0% used [0x000000076ab00000,0x000000076ab00000,0x000000076eb00000)
  from space 10752K, 99% used [0x000000076f580000,0x000000076fff8010,0x0000000770000000)
  to   space 10752K, 0% used [0x000000076eb00000,0x000000076eb00000,0x000000076f580000)
 ParOldGen       total 121856K, used 18577K [0x00000006c0000000, 0x00000006c7700000, 0x000000076ab00000)
  object space 121856K, 15% used [0x00000006c0000000,0x00000006c1224550,0x00000006c7700000)
 Metaspace       used 26212K, capacity 28314K, committed 28544K, reserved 1073152K
  class space    used 3723K, capacity 4116K, committed 4224K, reserved 1048576K
}

